<?xml version="1.0" encoding="UTF-8"?>
<!-- Generated by org.testng.reporters.JUnitXMLReporter -->
<testsuite ignored="2" hostname="LAPTOP-1ULSNDMD" failures="2" tests="2" name="Default test(failed)" time="0.196" errors="0" timestamp="2023-04-08T13:58:49 CDT">
  <testcase classname="com.inetbanking.testCase.TestNG" name="oneTest" time="0.07">
    <failure type="java.lang.AssertionError" message="expected [true] but found [false]">
      <![CDATA[java.lang.AssertionError: expected [true] but found [false]
at com.inetbanking.testCase.TestNG.oneTest(TestNG.java:13)
at java.base/java.util.ArrayList.forEach(ArrayList.java:1511)
... Removed 32 stack frames]]>
    </failure>
  </testcase> <!-- oneTest -->
  <testcase classname="com.inetbanking.testCase.TestNG" name="twoTest" time="0.004">
    <failure type="java.lang.AssertionError" message="expected [true] but found [false]">
      <![CDATA[java.lang.AssertionError: expected [true] but found [false]
at com.inetbanking.testCase.TestNG.twoTest(TestNG.java:20)
at java.base/java.util.ArrayList.forEach(ArrayList.java:1511)
... Removed 32 stack frames]]>
    </failure>
  </testcase> <!-- twoTest -->
  <testcase classname="com.inetbanking.testCase.TestNG" name="fourTest" time="0.0">
    <ignored/>
  </testcase> <!-- fourTest -->
  <testcase classname="com.inetbanking.testCase.TestNG" name="threeTest" time="0.0">
    <ignored/>
  </testcase> <!-- threeTest -->
</testsuite> <!-- Default test(failed) -->
