<?xml version="1.0" encoding="UTF-8"?>
<!-- Generated by org.testng.reporters.JUnitXMLReporter -->
<testsuite ignored="0" hostname="LAPTOP-1ULSNDMD" failures="4" tests="4" name="Fuctional(failed)" time="10.704" errors="0" timestamp="2023-06-05T10:01:01 CDT">
  <testcase classname="com.inetbanking.testCase.TC_LoginDDT_002" name="loginDDT" time="2.06">
    <failure type="java.lang.AssertionError" message="expected [true] but found [false]">
      <![CDATA[java.lang.AssertionError: expected [true] but found [false]
at com.inetbanking.testCase.TC_LoginDDT_002.loginDDT(TC_LoginDDT_002.java:37)
at java.base/java.util.ArrayList.forEach(ArrayList.java:1511)
... Removed 29 stack frames]]>
    </failure>
  </testcase> <!-- loginDDT -->
  <testcase classname="com.inetbanking.testCase.TC_LoginDDT_002" name="loginDDT" time="1.121">
    <failure type="java.lang.AssertionError" message="expected [true] but found [false]">
      <![CDATA[java.lang.AssertionError: expected [true] but found [false]
at com.inetbanking.testCase.TC_LoginDDT_002.loginDDT(TC_LoginDDT_002.java:37)
at java.base/java.util.ArrayList.forEach(ArrayList.java:1511)
... Removed 29 stack frames]]>
    </failure>
  </testcase> <!-- loginDDT -->
  <testcase classname="com.inetbanking.testCase.TC_LoginDDT_002" name="loginDDT" time="1.321">
    <failure type="java.lang.AssertionError" message="expected [true] but found [false]">
      <![CDATA[java.lang.AssertionError: expected [true] but found [false]
at com.inetbanking.testCase.TC_LoginDDT_002.loginDDT(TC_LoginDDT_002.java:37)
at java.base/java.util.ArrayList.forEach(ArrayList.java:1511)
... Removed 29 stack frames]]>
    </failure>
  </testcase> <!-- loginDDT -->
  <testcase classname="com.inetbanking.testCase.TC_LoginDDT_002" name="loginDDT" time="1.402">
    <failure type="java.lang.AssertionError" message="expected [true] but found [false]">
      <![CDATA[java.lang.AssertionError: expected [true] but found [false]
at com.inetbanking.testCase.TC_LoginDDT_002.loginDDT(TC_LoginDDT_002.java:37)
at java.base/java.util.ArrayList.forEach(ArrayList.java:1511)
... Removed 29 stack frames]]>
    </failure>
  </testcase> <!-- loginDDT -->
</testsuite> <!-- Fuctional(failed) -->
