<?xml version="1.0" encoding="UTF-8"?>
<!-- Generated by org.testng.reporters.JUnitXMLReporter -->
<testsuite ignored="2" hostname="LAPTOP-1ULSNDMD" failures="0" tests="2" name="Default test(failed)(failed)" time="0.117" errors="0" timestamp="2023-04-08T13:59:22 CDT">
  <testcase classname="com.inetbanking.testCase.TestNG" name="oneTest" time="0.022"/>
  <testcase classname="com.inetbanking.testCase.TestNG" name="twoTest" time="0.002"/>
  <testcase classname="com.inetbanking.testCase.TestNG" name="fourTest" time="0.0">
    <ignored/>
  </testcase> <!-- fourTest -->
  <testcase classname="com.inetbanking.testCase.TestNG" name="threeTest" time="0.0">
    <ignored/>
  </testcase> <!-- threeTest -->
</testsuite> <!-- Default test(failed)(failed) -->
